Arguments: 
  D:\node\node.exe C:\Users\huangjie\AppData\Roaming\npm\node_modules\yarn\bin\yarn.js add react react-dom react-route-dom

PATH: 
  D:\Xshell6\;D:\Xftp6\;C:\Program Files (x86)\Common Files\Oracle\Java\javapath;C:\Windows\system32;C:\Windows;C:\Windows\System32\Wbem;C:\Windows\System32\WindowsPowerShell\v1.0\;C:\Users\huangjie\Downloads\jdk-12.0.1_windows-x64_bin.zip\jdk-12.0.1\bin;D:\nodeJs\；.;;JAVA_HOME%\bin;D:\node\;D:\Git\cmd;C:\Program Files\TortoiseGit\bin;.;C:\Program Files\Java\jdk1.8.0_202\bin;C:\Users\huangjie\AppData\Roaming\npm;D:\Microsoft VS Code\bin;D:\Fiddler;D:\IntelliJ IDEA 2019.2.3\bin;;%WebStorm%

Yarn version: 
  1.22.4

Node version: 
  10.16.0

Platform: 
  win32 x64

Trace: 
  Error: https://registry.npm.taobao.org/react-route-dom: Not found
      at Request.params.callback [as _callback] (C:\Users\huangjie\AppData\Roaming\npm\node_modules\yarn\lib\cli.js:66987:18)
      at Request.self.callback (C:\Users\huangjie\AppData\Roaming\npm\node_modules\yarn\lib\cli.js:140748:22)
      at Request.emit (events.js:198:13)
      at Request.<anonymous> (C:\Users\huangjie\AppData\Roaming\npm\node_modules\yarn\lib\cli.js:141720:10)
      at Request.emit (events.js:198:13)
      at IncomingMessage.<anonymous> (C:\Users\huangjie\AppData\Roaming\npm\node_modules\yarn\lib\cli.js:141642:12)
      at Object.onceWrapper (events.js:286:20)
      at IncomingMessage.emit (events.js:203:15)
      at endReadableNT (_stream_readable.js:1129:12)
      at process._tickCallback (internal/process/next_tick.js:63:19)

npm manifest: 
  {
    "name": "react_route",
    "version": "1.0.0",
    "description": "",
    "main": "index.js",
    "scripts": {
      "test": "echo \"Error: no test specified\" && exit 1"
    },
    "keywords": [],
    "author": "",
    "license": "ISC"
  }

yarn manifest: 
  No manifest

Lockfile: 
  No lockfile
